<?xml version="1.0" encoding="UTF-8"?>
<!-- Generated by org.testng.reporters.JUnitReportReporter -->
<testsuite skipped="0" hostname="CBJ-CCC2F-06" name="qa.com.testCases.PostRequestTestCasesId_001" tests="1" failures="0" timestamp="04 Apr 2019 04:13:46 GMT" time="1.223" errors="0">
  <testcase name="responseTestcaseId_001" time="1.223" classname="qa.com.testCases.PostRequestTestCasesId_001"/>
</testsuite> <!-- qa.com.testCases.PostRequestTestCasesId_001 -->
